<?xml version="1.0" encoding="UTF-8"?>
<!-- Generated by org.testng.reporters.JUnitXMLReporter -->
<testsuite hostname="svprasad-PC" name="Test B2" tests="1" failures="0" timestamp="12 Jun 2014 11:12:42 GMT" time="0.003" errors="0">
  <testcase name="@BeforeSuite checkSuiteSkip" time="0.0" classname="com.qtpselenium.suite.cart.TestCase_B2">
    <skipped/>
  </testcase> <!-- @BeforeSuite checkSuiteSkip -->
  <testcase name="@BeforeTest checkTestSkip" time="0.0" classname="com.qtpselenium.suite.cart.TestCase_B2">
    <skipped/>
  </testcase> <!-- @BeforeTest checkTestSkip -->
  <testcase name="testcaseB2" time="0.001" classname="com.qtpselenium.suite.cart.TestCase_B2">
    <skipped/>
  </testcase> <!-- testcaseB2 -->
</testsuite> <!-- Test B2 -->
